Using pre-set license
Built from '2022.1/staging' branch; Version is '2022.1.11f1 (09bebd6e9324) revision 638653'; Using compiler version '192829333'; Build Type 'Release'
OS: 'Windows 10  (10.0.19044) 64bit Professional' Language: 'ru' Physical Memory: 16252 MB
BatchMode: 1, IsHumanControllingUs: 0, StartBugReporterOnCrash: 0, Is64bit: 1, IsPro: 1

COMMAND LINE ARGUMENTS:
D:\Program Files\Unity 2022.1.11f1\Editor\Unity.exe
-adb2
-batchMode
-noUpm
-name
AssetImportWorker0
-projectPath
D:/курсы папы/MyUnuty/My project (2)
-logFile
Logs/AssetImportWorker0.log
-srvPort
59239
Successfully changed project path to: D:/курсы папы/MyUnuty/My project (2)
D:/курсы папы/MyUnuty/My project (2)
[UnityMemory] Configuration Parameters - Can be set up in boot.config
    "memorysetup-bucket-allocator-granularity=16"
    "memorysetup-bucket-allocator-bucket-count=8"
    "memorysetup-bucket-allocator-block-size=33554432"
    "memorysetup-bucket-allocator-block-count=8"
    "memorysetup-main-allocator-block-size=16777216"
    "memorysetup-thread-allocator-block-size=16777216"
    "memorysetup-gfx-main-allocator-block-size=16777216"
    "memorysetup-gfx-thread-allocator-block-size=16777216"
    "memorysetup-cache-allocator-block-size=4194304"
    "memorysetup-typetree-allocator-block-size=2097152"
    "memorysetup-profiler-bucket-allocator-granularity=16"
    "memorysetup-profiler-bucket-allocator-bucket-count=8"
    "memorysetup-profiler-bucket-allocator-block-size=33554432"
    "memorysetup-profiler-bucket-allocator-block-count=8"
    "memorysetup-profiler-allocator-block-size=16777216"
    "memorysetup-profiler-editor-allocator-block-size=1048576"
    "memorysetup-temp-allocator-size-main=16777216"
    "memorysetup-job-temp-allocator-block-size=2097152"
    "memorysetup-job-temp-allocator-block-size-background=1048576"
    "memorysetup-job-temp-allocator-reduction-small-platforms=262144"
    "memorysetup-temp-allocator-size-background-worker=32768"
    "memorysetup-temp-allocator-size-job-worker=262144"
    "memorysetup-temp-allocator-size-preload-manager=33554432"
    "memorysetup-temp-allocator-size-nav-mesh-worker=65536"
    "memorysetup-temp-allocator-size-audio-worker=65536"
    "memorysetup-temp-allocator-size-cloud-worker=32768"
    "memorysetup-temp-allocator-size-gi-baking-worker=262144"
    "memorysetup-temp-allocator-size-gfx=262144"
Refreshing native plugins compatible for Editor in 123.41 ms, found 3 plugins.
Preloading 0 native plugins for Editor in 0.00 ms.
Initialize engine version: 2022.1.11f1 (09bebd6e9324)
[Subsystems] Discovering subsystems at path D:/Program Files/Unity 2022.1.11f1/Editor/Data/Resources/UnitySubsystems
[Subsystems] Discovering subsystems at path D:/курсы папы/MyUnuty/My project (2)/Assets
GfxDevice: creating device client; threaded=0; jobified=0
Direct3D:
    Version:  Direct3D 11.0 [level 11.1]
    Renderer: NVIDIA GeForce GTX 1650 (ID=0x1f99)
    Vendor:   NVIDIA
    VRAM:     3962 MB
    Driver:   27.21.14.6230
Initialize mono
Mono path[0] = 'D:/Program Files/Unity 2022.1.11f1/Editor/Data/Managed'
Mono path[1] = 'D:/Program Files/Unity 2022.1.11f1/Editor/Data/MonoBleedingEdge/lib/mono/unityjit-win32'
Mono config path = 'D:/Program Files/Unity 2022.1.11f1/Editor/Data/MonoBleedingEdge/etc'
Using monoOptions --debugger-agent=transport=dt_socket,embedding=1,server=y,suspend=n,address=127.0.0.1:56232
Begin MonoManager ReloadAssembly
Registering precompiled unity dll's ...
Register platform support module: D:/Program Files/Unity 2022.1.11f1/Editor/Data/PlaybackEngines/WindowsStandaloneSupport/UnityEditor.WindowsStandalone.Extensions.dll
Registered in 0.003771 seconds.
Native extension for WindowsStandalone target not found
Refreshing native plugins compatible for Editor in 124.54 ms, found 3 plugins.
Preloading 0 native plugins for Editor in 0.00 ms.
Mono: successfully reloaded assembly
- Completed reload, in  1.232 seconds
Domain Reload Profiling:
	ReloadAssembly (1233ms)
		BeginReloadAssembly (162ms)
			ExecutionOrderSort (0ms)
			DisableScriptedObjects (0ms)
			BackupInstance (0ms)
			ReleaseScriptingObjects (0ms)
			CreateAndSetChildDomain (1ms)
		EndReloadAssembly (889ms)
			LoadAssemblies (160ms)
			RebuildTransferFunctionScriptingTraits (0ms)
			SetupTypeCache (239ms)
				TypeCache.Initialize (238ms)
					TypeCache.ScanAssembly (233ms)
				ResolveRequiredComponents (1ms)
			ReleaseScriptCaches (0ms)
			RebuildScriptCaches (62ms)
			SetupLoadedEditorAssemblies (495ms)
				LogAssemblyErrors (0ms)
				InitializePlatformSupportModulesInManaged (12ms)
				SetLoadedEditorAssemblies (14ms)
				RefreshPlugins (125ms)
				BeforeProcessingInitializeOnLoad (2ms)
				ProcessInitializeOnLoadAttributes (259ms)
				ProcessInitializeOnLoadMethodAttributes (82ms)
				AfterProcessingInitializeOnLoad (0ms)
				EditorAssembliesLoaded (0ms)
			ExecutionOrderSort2 (0ms)
			AwakeInstancesAfterBackupRestoration (0ms)
Platform modules already initialized, skipping
Registering precompiled user dll's ...
Registered in 0.004732 seconds.
Begin MonoManager ReloadAssembly
Symbol file LoadedFromMemory doesn't match image D:\курсы папы\MyUnuty\My project (2)\Library\PackageCache\com.unity.visualscripting@1.7.8\Editor\VisualScripting.Core\Dependencies\YamlDotNet\Unity.VisualScripting.YamlDotNet.dll
Symbol file LoadedFromMemory doesn't match image D:\курсы папы\MyUnuty\My project (2)\Library\PackageCache\com.unity.visualscripting@1.7.8\Editor\VisualScripting.Core\Dependencies\DotNetZip\Unity.VisualScripting.IonicZip.dll
Native extension for WindowsStandalone target not found
Refreshing native plugins compatible for Editor in 1.60 ms, found 3 plugins.
Preloading 0 native plugins for Editor in 0.00 ms.
Mono: successfully reloaded assembly
- Completed reload, in  1.978 seconds
Domain Reload Profiling:
	ReloadAssembly (1979ms)
		BeginReloadAssembly (257ms)
			ExecutionOrderSort (0ms)
			DisableScriptedObjects (9ms)
			BackupInstance (0ms)
			ReleaseScriptingObjects (0ms)
			CreateAndSetChildDomain (52ms)
		EndReloadAssembly (1518ms)
			LoadAssemblies (182ms)
			RebuildTransferFunctionScriptingTraits (0ms)
			SetupTypeCache (540ms)
				TypeCache.Initialize (531ms)
					TypeCache.ScanAssembly (520ms)
				ResolveRequiredComponents (9ms)
			ReleaseScriptCaches (2ms)
			RebuildScriptCaches (116ms)
			SetupLoadedEditorAssemblies (622ms)
				LogAssemblyErrors (0ms)
				InitializePlatformSupportModulesInManaged (8ms)
				SetLoadedEditorAssemblies (13ms)
				RefreshPlugins (2ms)
				BeforeProcessingInitializeOnLoad (139ms)
				ProcessInitializeOnLoadAttributes (405ms)
				ProcessInitializeOnLoadMethodAttributes (51ms)
				AfterProcessingInitializeOnLoad (4ms)
				EditorAssembliesLoaded (0ms)
			ExecutionOrderSort2 (0ms)
			AwakeInstancesAfterBackupRestoration (10ms)
Platform modules already initialized, skipping
========================================================================
Worker process is ready to serve import requests
Launched and connected shader compiler UnityShaderCompiler.exe after 0.07 seconds
Refreshing native plugins compatible for Editor in 1.83 ms, found 3 plugins.
Preloading 0 native plugins for Editor in 0.00 ms.
Unloading 3406 Unused Serialized files (Serialized files now loaded: 0)
Unloading 26 unused Assets / (57.9 KB). Loaded Objects now: 3866.
Memory consumption went from 0.51 GB to 0.51 GB.
Total: 7.792000 ms (FindLiveObjects: 0.883300 ms CreateObjectMapping: 0.838400 ms MarkObjects: 5.935600 ms  DeleteObjects: 0.133100 ms)

AssetImportParameters requested are different than current active one (requested -> active):
  custom:video-decoder-ogg-theora: a1e56fd34408186e4bbccfd4996cb3dc -> 
  custom:container-muxer-webm: aa71ff27fc2769a1b78a27578f13a17b -> 
  custom:container-demuxer-webm: 4f35f7cbe854078d1ac9338744f61a02 -> 
  custom:video-encoder-webm-vp8: eb34c28f22e8b96e1ab97ce403110664 -> 
  custom:audio-encoder-webm-vorbis: bf7c407c2cedff20999df2af8eb42d56 -> 
  custom:framework-win-MediaFoundation: 216162199b28c13a410421893ffa2e32 -> 
  custom:container-demuxer-ogg: 62fdf1f143b41e24485cea50d1cbac27 -> 
  custom:video-decoder-webm-vp8: 9c59270c3fd7afecdb556c50c9e8de78 -> 
  custom:audio-decoder-ogg-vorbis: bf7c407c2cedff20999df2af8eb42d56 -> 
========================================================================
Received Import Request.
  Time since last request: 402721.820856 seconds.
  path: Assets/Prefabs/Cube (1).prefab
  artifactKey: Guid(50b332890b7ff1e42be3dc7fe5e522a6) Importer(815301076,1909f56bfc062723c751e8b465ee728b)
Start importing Assets/Prefabs/Cube (1).prefab using Guid(50b332890b7ff1e42be3dc7fe5e522a6) Importer(815301076,1909f56bfc062723c751e8b465ee728b)  -> (artifact id: 'd9c75564ccc78bedaf752a6a478da831') in 0.178997 seconds 
========================================================================
Received Import Request.
  Time since last request: 403.238171 seconds.
  path: Assets/Prefabs/Cube (1).prefab
  artifactKey: Guid(50b332890b7ff1e42be3dc7fe5e522a6) Importer(815301076,1909f56bfc062723c751e8b465ee728b)
Start importing Assets/Prefabs/Cube (1).prefab using Guid(50b332890b7ff1e42be3dc7fe5e522a6) Importer(815301076,1909f56bfc062723c751e8b465ee728b)  -> (artifact id: 'dfc3199d20020daae119fa23053887e4') in 0.023316 seconds 
========================================================================
Received Import Request.
  Time since last request: 1368.413350 seconds.
  path: Assets/Prefabs/Cube (8) Variant.prefab
  artifactKey: Guid(489174ee45f9b064489c58eb4edc5d1d) Importer(815301076,1909f56bfc062723c751e8b465ee728b)
Start importing Assets/Prefabs/Cube (8) Variant.prefab using Guid(489174ee45f9b064489c58eb4edc5d1d) Importer(815301076,1909f56bfc062723c751e8b465ee728b)  -> (artifact id: 'bfbb2f85b3ef45d056adf1f2c6c9a293') in 0.019576 seconds 
========================================================================
Received Import Request.
  Time since last request: 3852.637182 seconds.
  path: Assets/Prefabs/Jump.prefab
  artifactKey: Guid(8a7ed0f31f72022419e2d2806d8fc2d0) Importer(815301076,1909f56bfc062723c751e8b465ee728b)
Start importing Assets/Prefabs/Jump.prefab using Guid(8a7ed0f31f72022419e2d2806d8fc2d0) Importer(815301076,1909f56bfc062723c751e8b465ee728b)  -> (artifact id: '8c0d9181aed1b05f515682544d074191') in 0.019365 seconds 
========================================================================
Received Import Request.
  Time since last request: 429.020345 seconds.
  path: Assets/Prefabs/Boom1.prefab
  artifactKey: Guid(622388b6c2863704c8f89cb345faabda) Importer(815301076,1909f56bfc062723c751e8b465ee728b)
Start importing Assets/Prefabs/Boom1.prefab using Guid(622388b6c2863704c8f89cb345faabda) Importer(815301076,1909f56bfc062723c751e8b465ee728b)  -> (artifact id: '275eaa9619dfee92d5bd7e9c29f0768b') in 0.305418 seconds 
========================================================================
Received Import Request.
  Time since last request: 0.000085 seconds.
  path: Assets/Prefabs/Enemy2 Variant Variant.prefab
  artifactKey: Guid(8f0dcc8810387b746b16de205dd88299) Importer(815301076,1909f56bfc062723c751e8b465ee728b)
Start importing Assets/Prefabs/Enemy2 Variant Variant.prefab using Guid(8f0dcc8810387b746b16de205dd88299) Importer(815301076,1909f56bfc062723c751e8b465ee728b)  -> (artifact id: '3e0f4c4ef4a936029fb5636adb78637b') in 0.022564 seconds 
========================================================================
Received Import Request.
  Time since last request: 0.000069 seconds.
  path: Assets/Prefabs/Door 1.prefab
  artifactKey: Guid(6f65a04f08b8e5d46bf6da93f2f3a137) Importer(815301076,1909f56bfc062723c751e8b465ee728b)
Start importing Assets/Prefabs/Door 1.prefab using Guid(6f65a04f08b8e5d46bf6da93f2f3a137) Importer(815301076,1909f56bfc062723c751e8b465ee728b)  -> (artifact id: '77c6dcce5e50ea9be97d83880713face') in 0.036284 seconds 
========================================================================
Received Import Request.
  Time since last request: 0.000055 seconds.
  path: Assets/Prefabs/WallSmall.prefab
  artifactKey: Guid(8985edcef1ab90a4d982666fc4e82149) Importer(815301076,1909f56bfc062723c751e8b465ee728b)
Start importing Assets/Prefabs/WallSmall.prefab using Guid(8985edcef1ab90a4d982666fc4e82149) Importer(815301076,1909f56bfc062723c751e8b465ee728b)  -> (artifact id: '3f286b12ecb794323a2e4a2dbf21ac63') in 0.027911 seconds 
========================================================================
Received Import Request.
  Time since last request: 0.000051 seconds.
  path: Assets/Prefabs/Enemy.prefab
  artifactKey: Guid(589208d24f492f747b407af0c0ee7a72) Importer(815301076,1909f56bfc062723c751e8b465ee728b)
Start importing Assets/Prefabs/Enemy.prefab using Guid(589208d24f492f747b407af0c0ee7a72) Importer(815301076,1909f56bfc062723c751e8b465ee728b)  -> (artifact id: 'c5e6ab32730a0f9f26445b86cd52d19f') in 0.034341 seconds 
========================================================================
Received Import Request.
  Time since last request: 0.000043 seconds.
  path: Assets/Prefabs/Player.prefab
  artifactKey: Guid(c074467d558ca194f883353101901137) Importer(815301076,1909f56bfc062723c751e8b465ee728b)
Start importing Assets/Prefabs/Player.prefab using Guid(c074467d558ca194f883353101901137) Importer(815301076,1909f56bfc062723c751e8b465ee728b)  -> (artifact id: '765352ec047db6c1bc363788f8fb8241') in 0.030330 seconds 
========================================================================
Received Import Request.
  Time since last request: 0.000045 seconds.
  path: Assets/Prefabs/Portal 1.prefab
  artifactKey: Guid(f5b98b15581d0ee489204c36fb94bbcf) Importer(815301076,1909f56bfc062723c751e8b465ee728b)
Start importing Assets/Prefabs/Portal 1.prefab using Guid(f5b98b15581d0ee489204c36fb94bbcf) Importer(815301076,1909f56bfc062723c751e8b465ee728b)  -> (artifact id: '2d2a6539c5a6b057f7c652479620635c') in 0.026497 seconds 
========================================================================
Received Import Request.
  Time since last request: 0.000057 seconds.
  path: Assets/Prefabs/Fire_Ball Variant.prefab
  artifactKey: Guid(673666b5f084b7b41993b9b6d8d8e3c1) Importer(815301076,1909f56bfc062723c751e8b465ee728b)
Start importing Assets/Prefabs/Fire_Ball Variant.prefab using Guid(673666b5f084b7b41993b9b6d8d8e3c1) Importer(815301076,1909f56bfc062723c751e8b465ee728b)  -> (artifact id: 'e81b92df6f81c62bc340db7bcc540386') in 0.020973 seconds 
========================================================================
Received Import Request.
  Time since last request: 0.000058 seconds.
  path: Assets/Prefabs/FireBall3.prefab
  artifactKey: Guid(3904d39c31afa2046973cc64e19723a4) Importer(815301076,1909f56bfc062723c751e8b465ee728b)
Start importing Assets/Prefabs/FireBall3.prefab using Guid(3904d39c31afa2046973cc64e19723a4) Importer(815301076,1909f56bfc062723c751e8b465ee728b)  -> (artifact id: '8404307318320abaa3af6855bd0f2a69') in 0.037889 seconds 
========================================================================
Received Import Request.
  Time since last request: 0.000052 seconds.
  path: Assets/Prefabs/Enemy2 Variant.prefab
  artifactKey: Guid(5e3e06e3641d1314a8160b57be48f43a) Importer(815301076,1909f56bfc062723c751e8b465ee728b)
Start importing Assets/Prefabs/Enemy2 Variant.prefab using Guid(5e3e06e3641d1314a8160b57be48f43a) Importer(815301076,1909f56bfc062723c751e8b465ee728b)  -> (artifact id: 'a246075112e40619224c7c94e4695a85') in 0.024695 seconds 
Editor requested this worker to shutdown with reason: Scaling down because of idle timeout
AssetImportWorker is now disconnected from the server
Process exiting
Exiting without the bug reporter. Application will terminate with return code 0